<?xml version="1.0" encoding="UTF-8"?>
<testsuite xmlns:xsi="http://www.w3.org/2001/XMLSchema-instance" xsi:noNamespaceSchemaLocation="https://maven.apache.org/surefire/maven-surefire-plugin/xsd/surefire-test-report.xsd" name="com.chen.service.BookServiceTest" time="0.095" tests="6" errors="0" skipped="0" failures="0">
  <properties>
    <property name="sun.desktop" value="windows"/>
    <property name="awt.toolkit" value="sun.awt.windows.WToolkit"/>
    <property name="file.encoding.pkg" value="sun.io"/>
    <property name="java.specification.version" value="1.8"/>
    <property name="sun.cpu.isalist" value="amd64"/>
    <property name="sun.jnu.encoding" value="GBK"/>
    <property name="java.class.path" value="D:\idea代码\spring boot2\springboot_08_ssmp\target\test-classes;D:\idea代码\spring boot2\springboot_08_ssmp\target\classes;D:\Maven\repository\com\baomidou\mybatis-plus-boot-starter\3.4.3\mybatis-plus-boot-starter-3.4.3.jar;D:\Maven\repository\com\baomidou\mybatis-plus\3.4.3\mybatis-plus-3.4.3.jar;D:\Maven\repository\com\baomidou\mybatis-plus-extension\3.4.3\mybatis-plus-extension-3.4.3.jar;D:\Maven\repository\com\baomidou\mybatis-plus-core\3.4.3\mybatis-plus-core-3.4.3.jar;D:\Maven\repository\com\baomidou\mybatis-plus-annotation\3.4.3\mybatis-plus-annotation-3.4.3.jar;D:\Maven\repository\com\github\jsqlparser\jsqlparser\4.0\jsqlparser-4.0.jar;D:\Maven\repository\org\mybatis\mybatis\3.5.7\mybatis-3.5.7.jar;D:\Maven\repository\org\mybatis\mybatis-spring\2.0.6\mybatis-spring-2.0.6.jar;D:\Maven\repository\org\springframework\boot\spring-boot-autoconfigure\2.7.0\spring-boot-autoconfigure-2.7.0.jar;D:\Maven\repository\org\springframework\boot\spring-boot\2.7.0\spring-boot-2.7.0.jar;D:\Maven\repository\org\springframework\boot\spring-boot-starter-jdbc\2.7.0\spring-boot-starter-jdbc-2.7.0.jar;D:\Maven\repository\com\zaxxer\HikariCP\4.0.3\HikariCP-4.0.3.jar;D:\Maven\repository\org\springframework\spring-jdbc\5.3.20\spring-jdbc-5.3.20.jar;D:\Maven\repository\org\springframework\spring-tx\5.3.20\spring-tx-5.3.20.jar;D:\Maven\repository\com\alibaba\druid-spring-boot-starter\1.2.6\druid-spring-boot-starter-1.2.6.jar;D:\Maven\repository\com\alibaba\druid\1.2.6\druid-1.2.6.jar;D:\Maven\repository\org\slf4j\slf4j-api\1.7.36\slf4j-api-1.7.36.jar;D:\Maven\repository\org\projectlombok\lombok\1.18.24\lombok-1.18.24.jar;D:\Maven\repository\org\springframework\boot\spring-boot-starter-web\2.7.0\spring-boot-starter-web-2.7.0.jar;D:\Maven\repository\org\springframework\boot\spring-boot-starter\2.7.0\spring-boot-starter-2.7.0.jar;D:\Maven\repository\org\springframework\boot\spring-boot-starter-logging\2.7.0\spring-boot-starter-logging-2.7.0.jar;D:\Maven\repository\ch\qos\logback\logback-classic\1.2.11\logback-classic-1.2.11.jar;D:\Maven\repository\ch\qos\logback\logback-core\1.2.11\logback-core-1.2.11.jar;D:\Maven\repository\org\apache\logging\log4j\log4j-to-slf4j\2.17.2\log4j-to-slf4j-2.17.2.jar;D:\Maven\repository\org\apache\logging\log4j\log4j-api\2.17.2\log4j-api-2.17.2.jar;D:\Maven\repository\org\slf4j\jul-to-slf4j\1.7.36\jul-to-slf4j-1.7.36.jar;D:\Maven\repository\jakarta\annotation\jakarta.annotation-api\1.3.5\jakarta.annotation-api-1.3.5.jar;D:\Maven\repository\org\yaml\snakeyaml\1.30\snakeyaml-1.30.jar;D:\Maven\repository\org\springframework\boot\spring-boot-starter-json\2.7.0\spring-boot-starter-json-2.7.0.jar;D:\Maven\repository\com\fasterxml\jackson\core\jackson-databind\2.13.3\jackson-databind-2.13.3.jar;D:\Maven\repository\com\fasterxml\jackson\core\jackson-annotations\2.13.3\jackson-annotations-2.13.3.jar;D:\Maven\repository\com\fasterxml\jackson\core\jackson-core\2.13.3\jackson-core-2.13.3.jar;D:\Maven\repository\com\fasterxml\jackson\datatype\jackson-datatype-jdk8\2.13.3\jackson-datatype-jdk8-2.13.3.jar;D:\Maven\repository\com\fasterxml\jackson\datatype\jackson-datatype-jsr310\2.13.3\jackson-datatype-jsr310-2.13.3.jar;D:\Maven\repository\com\fasterxml\jackson\module\jackson-module-parameter-names\2.13.3\jackson-module-parameter-names-2.13.3.jar;D:\Maven\repository\org\springframework\boot\spring-boot-starter-tomcat\2.7.0\spring-boot-starter-tomcat-2.7.0.jar;D:\Maven\repository\org\apache\tomcat\embed\tomcat-embed-core\9.0.63\tomcat-embed-core-9.0.63.jar;D:\Maven\repository\org\apache\tomcat\embed\tomcat-embed-el\9.0.63\tomcat-embed-el-9.0.63.jar;D:\Maven\repository\org\apache\tomcat\embed\tomcat-embed-websocket\9.0.63\tomcat-embed-websocket-9.0.63.jar;D:\Maven\repository\org\springframework\spring-web\5.3.20\spring-web-5.3.20.jar;D:\Maven\repository\org\springframework\spring-beans\5.3.20\spring-beans-5.3.20.jar;D:\Maven\repository\org\springframework\spring-webmvc\5.3.20\spring-webmvc-5.3.20.jar;D:\Maven\repository\org\springframework\spring-aop\5.3.20\spring-aop-5.3.20.jar;D:\Maven\repository\org\springframework\spring-context\5.3.20\spring-context-5.3.20.jar;D:\Maven\repository\org\springframework\spring-expression\5.3.20\spring-expression-5.3.20.jar;D:\Maven\repository\mysql\mysql-connector-java\8.0.29\mysql-connector-java-8.0.29.jar;D:\Maven\repository\org\springframework\boot\spring-boot-starter-test\2.7.0\spring-boot-starter-test-2.7.0.jar;D:\Maven\repository\org\springframework\boot\spring-boot-test\2.7.0\spring-boot-test-2.7.0.jar;D:\Maven\repository\org\springframework\boot\spring-boot-test-autoconfigure\2.7.0\spring-boot-test-autoconfigure-2.7.0.jar;D:\Maven\repository\com\jayway\jsonpath\json-path\2.7.0\json-path-2.7.0.jar;D:\Maven\repository\net\minidev\json-smart\2.4.8\json-smart-2.4.8.jar;D:\Maven\repository\net\minidev\accessors-smart\2.4.8\accessors-smart-2.4.8.jar;D:\Maven\repository\org\ow2\asm\asm\9.1\asm-9.1.jar;D:\Maven\repository\jakarta\xml\bind\jakarta.xml.bind-api\2.3.3\jakarta.xml.bind-api-2.3.3.jar;D:\Maven\repository\jakarta\activation\jakarta.activation-api\1.2.2\jakarta.activation-api-1.2.2.jar;D:\Maven\repository\org\assertj\assertj-core\3.22.0\assertj-core-3.22.0.jar;D:\Maven\repository\org\hamcrest\hamcrest\2.2\hamcrest-2.2.jar;D:\Maven\repository\org\junit\jupiter\junit-jupiter\5.8.2\junit-jupiter-5.8.2.jar;D:\Maven\repository\org\junit\jupiter\junit-jupiter-api\5.8.2\junit-jupiter-api-5.8.2.jar;D:\Maven\repository\org\opentest4j\opentest4j\1.2.0\opentest4j-1.2.0.jar;D:\Maven\repository\org\junit\platform\junit-platform-commons\1.8.2\junit-platform-commons-1.8.2.jar;D:\Maven\repository\org\apiguardian\apiguardian-api\1.1.2\apiguardian-api-1.1.2.jar;D:\Maven\repository\org\junit\jupiter\junit-jupiter-params\5.8.2\junit-jupiter-params-5.8.2.jar;D:\Maven\repository\org\junit\jupiter\junit-jupiter-engine\5.8.2\junit-jupiter-engine-5.8.2.jar;D:\Maven\repository\org\junit\platform\junit-platform-engine\1.8.2\junit-platform-engine-1.8.2.jar;D:\Maven\repository\org\mockito\mockito-core\4.5.1\mockito-core-4.5.1.jar;D:\Maven\repository\net\bytebuddy\byte-buddy\1.12.10\byte-buddy-1.12.10.jar;D:\Maven\repository\net\bytebuddy\byte-buddy-agent\1.12.10\byte-buddy-agent-1.12.10.jar;D:\Maven\repository\org\objenesis\objenesis\3.2\objenesis-3.2.jar;D:\Maven\repository\org\mockito\mockito-junit-jupiter\4.5.1\mockito-junit-jupiter-4.5.1.jar;D:\Maven\repository\org\skyscreamer\jsonassert\1.5.0\jsonassert-1.5.0.jar;D:\Maven\repository\com\vaadin\external\google\android-json\0.0.20131108.vaadin1\android-json-0.0.20131108.vaadin1.jar;D:\Maven\repository\org\springframework\spring-core\5.3.20\spring-core-5.3.20.jar;D:\Maven\repository\org\springframework\spring-jcl\5.3.20\spring-jcl-5.3.20.jar;D:\Maven\repository\org\springframework\spring-test\5.3.20\spring-test-5.3.20.jar;D:\Maven\repository\org\xmlunit\xmlunit-core\2.9.0\xmlunit-core-2.9.0.jar;"/>
    <property name="java.vm.vendor" value="Oracle Corporation"/>
    <property name="sun.arch.data.model" value="64"/>
    <property name="user.variant" value=""/>
    <property name="java.vendor.url" value="http://java.oracle.com/"/>
    <property name="user.timezone" value="Asia/Shanghai"/>
    <property name="java.vm.specification.version" value="1.8"/>
    <property name="os.name" value="Windows 10"/>
    <property name="user.country" value="CN"/>
    <property name="sun.java.launcher" value="SUN_STANDARD"/>
    <property name="sun.boot.library.path" value="C:\Program Files\Java\jdk1.8.0_301\jre\bin"/>
    <property name="sun.java.command" value="C:\Users\cheng\AppData\Local\Temp\surefire5056522176753294548\surefirebooter5424443404552636405.jar C:\Users\cheng\AppData\Local\Temp\surefire5056522176753294548 2022-06-19T17-57-53_920-jvmRun1 surefire7779596895431160933tmp surefire_02645658121396643543tmp"/>
    <property name="surefire.test.class.path" value="D:\idea代码\spring boot2\springboot_08_ssmp\target\test-classes;D:\idea代码\spring boot2\springboot_08_ssmp\target\classes;D:\Maven\repository\com\baomidou\mybatis-plus-boot-starter\3.4.3\mybatis-plus-boot-starter-3.4.3.jar;D:\Maven\repository\com\baomidou\mybatis-plus\3.4.3\mybatis-plus-3.4.3.jar;D:\Maven\repository\com\baomidou\mybatis-plus-extension\3.4.3\mybatis-plus-extension-3.4.3.jar;D:\Maven\repository\com\baomidou\mybatis-plus-core\3.4.3\mybatis-plus-core-3.4.3.jar;D:\Maven\repository\com\baomidou\mybatis-plus-annotation\3.4.3\mybatis-plus-annotation-3.4.3.jar;D:\Maven\repository\com\github\jsqlparser\jsqlparser\4.0\jsqlparser-4.0.jar;D:\Maven\repository\org\mybatis\mybatis\3.5.7\mybatis-3.5.7.jar;D:\Maven\repository\org\mybatis\mybatis-spring\2.0.6\mybatis-spring-2.0.6.jar;D:\Maven\repository\org\springframework\boot\spring-boot-autoconfigure\2.7.0\spring-boot-autoconfigure-2.7.0.jar;D:\Maven\repository\org\springframework\boot\spring-boot\2.7.0\spring-boot-2.7.0.jar;D:\Maven\repository\org\springframework\boot\spring-boot-starter-jdbc\2.7.0\spring-boot-starter-jdbc-2.7.0.jar;D:\Maven\repository\com\zaxxer\HikariCP\4.0.3\HikariCP-4.0.3.jar;D:\Maven\repository\org\springframework\spring-jdbc\5.3.20\spring-jdbc-5.3.20.jar;D:\Maven\repository\org\springframework\spring-tx\5.3.20\spring-tx-5.3.20.jar;D:\Maven\repository\com\alibaba\druid-spring-boot-starter\1.2.6\druid-spring-boot-starter-1.2.6.jar;D:\Maven\repository\com\alibaba\druid\1.2.6\druid-1.2.6.jar;D:\Maven\repository\org\slf4j\slf4j-api\1.7.36\slf4j-api-1.7.36.jar;D:\Maven\repository\org\projectlombok\lombok\1.18.24\lombok-1.18.24.jar;D:\Maven\repository\org\springframework\boot\spring-boot-starter-web\2.7.0\spring-boot-starter-web-2.7.0.jar;D:\Maven\repository\org\springframework\boot\spring-boot-starter\2.7.0\spring-boot-starter-2.7.0.jar;D:\Maven\repository\org\springframework\boot\spring-boot-starter-logging\2.7.0\spring-boot-starter-logging-2.7.0.jar;D:\Maven\repository\ch\qos\logback\logback-classic\1.2.11\logback-classic-1.2.11.jar;D:\Maven\repository\ch\qos\logback\logback-core\1.2.11\logback-core-1.2.11.jar;D:\Maven\repository\org\apache\logging\log4j\log4j-to-slf4j\2.17.2\log4j-to-slf4j-2.17.2.jar;D:\Maven\repository\org\apache\logging\log4j\log4j-api\2.17.2\log4j-api-2.17.2.jar;D:\Maven\repository\org\slf4j\jul-to-slf4j\1.7.36\jul-to-slf4j-1.7.36.jar;D:\Maven\repository\jakarta\annotation\jakarta.annotation-api\1.3.5\jakarta.annotation-api-1.3.5.jar;D:\Maven\repository\org\yaml\snakeyaml\1.30\snakeyaml-1.30.jar;D:\Maven\repository\org\springframework\boot\spring-boot-starter-json\2.7.0\spring-boot-starter-json-2.7.0.jar;D:\Maven\repository\com\fasterxml\jackson\core\jackson-databind\2.13.3\jackson-databind-2.13.3.jar;D:\Maven\repository\com\fasterxml\jackson\core\jackson-annotations\2.13.3\jackson-annotations-2.13.3.jar;D:\Maven\repository\com\fasterxml\jackson\core\jackson-core\2.13.3\jackson-core-2.13.3.jar;D:\Maven\repository\com\fasterxml\jackson\datatype\jackson-datatype-jdk8\2.13.3\jackson-datatype-jdk8-2.13.3.jar;D:\Maven\repository\com\fasterxml\jackson\datatype\jackson-datatype-jsr310\2.13.3\jackson-datatype-jsr310-2.13.3.jar;D:\Maven\repository\com\fasterxml\jackson\module\jackson-module-parameter-names\2.13.3\jackson-module-parameter-names-2.13.3.jar;D:\Maven\repository\org\springframework\boot\spring-boot-starter-tomcat\2.7.0\spring-boot-starter-tomcat-2.7.0.jar;D:\Maven\repository\org\apache\tomcat\embed\tomcat-embed-core\9.0.63\tomcat-embed-core-9.0.63.jar;D:\Maven\repository\org\apache\tomcat\embed\tomcat-embed-el\9.0.63\tomcat-embed-el-9.0.63.jar;D:\Maven\repository\org\apache\tomcat\embed\tomcat-embed-websocket\9.0.63\tomcat-embed-websocket-9.0.63.jar;D:\Maven\repository\org\springframework\spring-web\5.3.20\spring-web-5.3.20.jar;D:\Maven\repository\org\springframework\spring-beans\5.3.20\spring-beans-5.3.20.jar;D:\Maven\repository\org\springframework\spring-webmvc\5.3.20\spring-webmvc-5.3.20.jar;D:\Maven\repository\org\springframework\spring-aop\5.3.20\spring-aop-5.3.20.jar;D:\Maven\repository\org\springframework\spring-context\5.3.20\spring-context-5.3.20.jar;D:\Maven\repository\org\springframework\spring-expression\5.3.20\spring-expression-5.3.20.jar;D:\Maven\repository\mysql\mysql-connector-java\8.0.29\mysql-connector-java-8.0.29.jar;D:\Maven\repository\org\springframework\boot\spring-boot-starter-test\2.7.0\spring-boot-starter-test-2.7.0.jar;D:\Maven\repository\org\springframework\boot\spring-boot-test\2.7.0\spring-boot-test-2.7.0.jar;D:\Maven\repository\org\springframework\boot\spring-boot-test-autoconfigure\2.7.0\spring-boot-test-autoconfigure-2.7.0.jar;D:\Maven\repository\com\jayway\jsonpath\json-path\2.7.0\json-path-2.7.0.jar;D:\Maven\repository\net\minidev\json-smart\2.4.8\json-smart-2.4.8.jar;D:\Maven\repository\net\minidev\accessors-smart\2.4.8\accessors-smart-2.4.8.jar;D:\Maven\repository\org\ow2\asm\asm\9.1\asm-9.1.jar;D:\Maven\repository\jakarta\xml\bind\jakarta.xml.bind-api\2.3.3\jakarta.xml.bind-api-2.3.3.jar;D:\Maven\repository\jakarta\activation\jakarta.activation-api\1.2.2\jakarta.activation-api-1.2.2.jar;D:\Maven\repository\org\assertj\assertj-core\3.22.0\assertj-core-3.22.0.jar;D:\Maven\repository\org\hamcrest\hamcrest\2.2\hamcrest-2.2.jar;D:\Maven\repository\org\junit\jupiter\junit-jupiter\5.8.2\junit-jupiter-5.8.2.jar;D:\Maven\repository\org\junit\jupiter\junit-jupiter-api\5.8.2\junit-jupiter-api-5.8.2.jar;D:\Maven\repository\org\opentest4j\opentest4j\1.2.0\opentest4j-1.2.0.jar;D:\Maven\repository\org\junit\platform\junit-platform-commons\1.8.2\junit-platform-commons-1.8.2.jar;D:\Maven\repository\org\apiguardian\apiguardian-api\1.1.2\apiguardian-api-1.1.2.jar;D:\Maven\repository\org\junit\jupiter\junit-jupiter-params\5.8.2\junit-jupiter-params-5.8.2.jar;D:\Maven\repository\org\junit\jupiter\junit-jupiter-engine\5.8.2\junit-jupiter-engine-5.8.2.jar;D:\Maven\repository\org\junit\platform\junit-platform-engine\1.8.2\junit-platform-engine-1.8.2.jar;D:\Maven\repository\org\mockito\mockito-core\4.5.1\mockito-core-4.5.1.jar;D:\Maven\repository\net\bytebuddy\byte-buddy\1.12.10\byte-buddy-1.12.10.jar;D:\Maven\repository\net\bytebuddy\byte-buddy-agent\1.12.10\byte-buddy-agent-1.12.10.jar;D:\Maven\repository\org\objenesis\objenesis\3.2\objenesis-3.2.jar;D:\Maven\repository\org\mockito\mockito-junit-jupiter\4.5.1\mockito-junit-jupiter-4.5.1.jar;D:\Maven\repository\org\skyscreamer\jsonassert\1.5.0\jsonassert-1.5.0.jar;D:\Maven\repository\com\vaadin\external\google\android-json\0.0.20131108.vaadin1\android-json-0.0.20131108.vaadin1.jar;D:\Maven\repository\org\springframework\spring-core\5.3.20\spring-core-5.3.20.jar;D:\Maven\repository\org\springframework\spring-jcl\5.3.20\spring-jcl-5.3.20.jar;D:\Maven\repository\org\springframework\spring-test\5.3.20\spring-test-5.3.20.jar;D:\Maven\repository\org\xmlunit\xmlunit-core\2.9.0\xmlunit-core-2.9.0.jar;"/>
    <property name="sun.cpu.endian" value="little"/>
    <property name="user.home" value="C:\Users\cheng"/>
    <property name="user.language" value="zh"/>
    <property name="java.specification.vendor" value="Oracle Corporation"/>
    <property name="java.home" value="C:\Program Files\Java\jdk1.8.0_301\jre"/>
    <property name="basedir" value="D:\idea代码\spring boot2\springboot_08_ssmp"/>
    <property name="file.separator" value="\"/>
    <property name="line.separator" value="&#10;"/>
    <property name="java.vm.specification.vendor" value="Oracle Corporation"/>
    <property name="java.specification.name" value="Java Platform API Specification"/>
    <property name="java.awt.graphicsenv" value="sun.awt.Win32GraphicsEnvironment"/>
    <property name="surefire.real.class.path" value="C:\Users\cheng\AppData\Local\Temp\surefire5056522176753294548\surefirebooter5424443404552636405.jar"/>
    <property name="sun.boot.class.path" value="C:\Program Files\Java\jdk1.8.0_301\jre\lib\resources.jar;C:\Program Files\Java\jdk1.8.0_301\jre\lib\rt.jar;C:\Program Files\Java\jdk1.8.0_301\jre\lib\sunrsasign.jar;C:\Program Files\Java\jdk1.8.0_301\jre\lib\jsse.jar;C:\Program Files\Java\jdk1.8.0_301\jre\lib\jce.jar;C:\Program Files\Java\jdk1.8.0_301\jre\lib\charsets.jar;C:\Program Files\Java\jdk1.8.0_301\jre\lib\jfr.jar;C:\Program Files\Java\jdk1.8.0_301\jre\classes"/>
    <property name="user.script" value=""/>
    <property name="sun.management.compiler" value="HotSpot 64-Bit Tiered Compilers"/>
    <property name="java.runtime.version" value="1.8.0_301-b09"/>
    <property name="user.name" value="cheng"/>
    <property name="path.separator" value=";"/>
    <property name="os.version" value="10.0"/>
    <property name="java.endorsed.dirs" value="C:\Program Files\Java\jdk1.8.0_301\jre\lib\endorsed"/>
    <property name="java.runtime.name" value="Java(TM) SE Runtime Environment"/>
    <property name="file.encoding" value="GBK"/>
    <property name="java.vm.name" value="Java HotSpot(TM) 64-Bit Server VM"/>
    <property name="localRepository" value="D:\Maven\repository"/>
    <property name="java.vendor.url.bug" value="http://bugreport.sun.com/bugreport/"/>
    <property name="java.io.tmpdir" value="C:\Users\cheng\AppData\Local\Temp\"/>
    <property name="idea.version" value="2021.1"/>
    <property name="java.version" value="1.8.0_301"/>
    <property name="user.dir" value="D:\idea代码\spring boot2\springboot_08_ssmp"/>
    <property name="os.arch" value="amd64"/>
    <property name="java.vm.specification.name" value="Java Virtual Machine Specification"/>
    <property name="java.awt.printerjob" value="sun.awt.windows.WPrinterJob"/>
    <property name="sun.os.patch.level" value=""/>
    <property name="java.library.path" value="C:\Program Files\Java\jdk1.8.0_301\jre\bin;C:\WINDOWS\Sun\Java\bin;C:\WINDOWS\system32;C:\WINDOWS;C:\Program Files\Java\jdk1.8.0_301\bin;E:\Vue\插件\Git\cmd;C:\Program Files\nodejs\;D:\Maven\apache-maven-3.8.5\bin;C:\Program Files\Java\jdk1.8.0_301\bin;C:\Users\cheng\AppData\Roaming\npm;E:\WebStorm应用\WebStorm 2021.3.3\bin;;D:\nodejs\node_global;;E:\idea应用\IntelliJ IDEA 2021.1\bin;;."/>
    <property name="java.vm.info" value="mixed mode"/>
    <property name="java.vendor" value="Oracle Corporation"/>
    <property name="java.vm.version" value="25.301-b09"/>
    <property name="java.ext.dirs" value="C:\Program Files\Java\jdk1.8.0_301\jre\lib\ext;C:\WINDOWS\Sun\Java\lib\ext"/>
    <property name="sun.io.unicode.encoding" value="UnicodeLittle"/>
    <property name="java.class.version" value="52.0"/>
  </properties>
  <testcase name="testPage" classname="com.chen.service.BookServiceTest" time="0.016"/>
  <testcase name="testGetById" classname="com.chen.service.BookServiceTest" time="0.009"/>
  <testcase name="add" classname="com.chen.service.BookServiceTest" time="0.014"/>
  <testcase name="testDelete" classname="com.chen.service.BookServiceTest" time="0.009"/>
  <testcase name="testGetAll" classname="com.chen.service.BookServiceTest" time="0.016"/>
  <testcase name="testUpdate" classname="com.chen.service.BookServiceTest" time="0.011"/>
</testsuite>